2025-04-07 11:09:35,637 - INFO - Tổng số liên kết duy nhất: 7975
2025-04-07 11:09:52,384 - ERROR - Lỗi không xác định khi xử lý bài viết https://vneconomy.vn/tieu-diem.htm: 'NoneType' object has no attribute 'text'
2025-04-07 11:17:34,206 - ERROR - Lỗi không xác định khi xử lý bài viết https://vneconomy.vn/tao-dong-luc-dot-pha-cho-phat-trien-khoa-hoc-cong-nghe.htm: 'NoneType' object has no attribute 'text'
2025-04-07 11:22:50,360 - ERROR - Lỗi không xác định khi xử lý bài viết https://vneconomy.vn/dau-an-ngoai-giao-kinh-te-nen-mong-cho-ky-nguyen-vuon-minh.htm: 'NoneType' object has no attribute 'text'
2025-04-07 11:22:50,427 - ERROR - Lỗi không xác định khi xử lý bài viết https://vneconomy.vn/chinh-sach-tien-te-khong-chu-quan-trong-boi-canh-con-nhieu-rui-ro.htm: 'NoneType' object has no attribute 'text'
2025-04-07 11:22:50,477 - ERROR - Lỗi không xác định khi xử lý bài viết https://vneconomy.vn/tao-khong-gian-moi-de-phat-trien-nong-nghiep-va-nong-thon.htm: 'NoneType' object has no attribute 'text'
2025-04-07 11:22:50,527 - ERROR - Lỗi không xác định khi xử lý bài viết https://vneconomy.vn/quyet-tam-but-pha-cung-dat-nuoc-buoc-vao-ky-nguyen-moi.htm: 'NoneType' object has no attribute 'text'
2025-04-07 11:22:50,604 - ERROR - Lỗi không xác định khi xử lý bài viết https://vneconomy.vn/ky-nguyen-vuon-minh-cua-dan-toc-tao-dung-nha-nuoc-quan-tri-quoc-gia-hieu-qua.htm: 'NoneType' object has no attribute 'text'
2025-04-07 11:22:53,143 - ERROR - Lỗi không xác định khi xử lý bài viết https://vneconomy.vn/quan-tri-nha-nuoc-thay-doi-theo-huong-quan-theo-muc-tieu.htm: 'NoneType' object has no attribute 'text'
2025-04-07 11:22:53,204 - ERROR - Lỗi không xác định khi xử lý bài viết https://vneconomy.vn/khoi-day-dong-luc-tang-truong-tu-cai-cach-moi-truong-kinh-doanh.htm: 'NoneType' object has no attribute 'text'
2025-04-07 11:22:53,276 - ERROR - Lỗi không xác định khi xử lý bài viết https://vneconomy.vn/ho-tro-viet-nam-tren-hanh-trinh-huong-toi-tuong-lai-ben-vung-va-kien-cuong.htm: 'NoneType' object has no attribute 'text'
2025-04-07 11:23:12,785 - ERROR - Lỗi không xác định khi xử lý bài viết https://vneconomy.vn/thi-truong-bat-dong-san-se-phat-trien-ben-vung-hon.htm: 'NoneType' object has no attribute 'text'
2025-04-07 11:23:27,296 - ERROR - Lỗi không xác định khi xử lý bài viết https://vneconomy.vn/hai-diem-sang-tao-dong-luc-cho-nganh-y-te-nam-2025.htm: 'NoneType' object has no attribute 'text'
2025-04-07 11:24:17,604 - ERROR - Lỗi không xác định khi xử lý bài viết https://vneconomy.vn/chien-thang-cua-long-tu-hao-dan-toc.htm: 'NoneType' object has no attribute 'text'
2025-04-07 11:24:41,500 - ERROR - Lỗi không xác định khi xử lý bài viết https://vneconomy.vn/giai-phap-huong-toi-muc-tang-truong-8-nam-2025.htm: 'NoneType' object has no attribute 'text'
2025-04-07 11:24:41,581 - ERROR - Lỗi không xác định khi xử lý bài viết https://vneconomy.vn/nhan-dien-co-hoi-va-rui-ro-cho-tang-truong-nam-2025.htm: 'NoneType' object has no attribute 'text'
2025-04-07 11:25:00,969 - ERROR - Lỗi không xác định khi xử lý bài viết https://vneconomy.vn/huong-toi-muc-tieu-tang-truong-ky-vong.htm: 'NoneType' object has no attribute 'text'
2025-04-07 11:38:38,242 - ERROR - Lỗi không xác định khi xử lý bài viết https://vneconomy.vn/kha-nang-dat-can-tren-cua-muc-tieu-tang-truong-la-kha-thi.htm: 'NoneType' object has no attribute 'text'
2025-04-07 11:43:30,403 - ERROR - Lỗi không xác định khi xử lý bài viết https://vneconomy.vn/dau-tu.htm: 'NoneType' object has no attribute 'text'
2025-04-07 11:44:24,463 - ERROR - Lỗi không xác định khi xử lý bài viết https://vneconomy.vn/hien-thuc-hoa-giac-mo-tu-chu-nganh-cong-nghiep-duong-sat.htm: 'NoneType' object has no attribute 'text'
2025-04-07 11:46:51,213 - ERROR - Lỗi không xác định khi xử lý bài viết https://vneconomy.vn/viet-nam-la-doi-tac-tin-cay-cua-doanh-nghiep-hoa-ky.htm: 'NoneType' object has no attribute 'text'
2025-04-07 11:46:56,160 - ERROR - Lỗi không xác định khi xử lý bài viết https://vneconomy.vn/khong-the-cham-tre-hon-de-thuc-hien-nhung-doi-moi.htm: 'NoneType' object has no attribute 'text'
2025-04-07 11:46:56,213 - ERROR - Lỗi không xác định khi xử lý bài viết https://vneconomy.vn/chuan-bi-cho-kich-ban-my-ap-thue-doi-ung.htm: 'NoneType' object has no attribute 'text'
2025-04-07 11:48:46,292 - ERROR - Lỗi không xác định khi xử lý bài viết https://vneconomy.vn/kich-hoat-cac-dong-luc-tang-truong-kinh-te.htm: 'NoneType' object has no attribute 'text'
2025-04-07 11:49:27,299 - ERROR - Lỗi không xác định khi xử lý bài viết https://vneconomy.vn/doanh-nghiep-tim-co-hoi-tang-truong.htm: 'NoneType' object has no attribute 'text'
2025-04-07 11:51:06,990 - ERROR - Lỗi không xác định khi xử lý bài viết https://vneconomy.vn/nhung-buoc-dem-de-chuyen-giao-bo-nao-cong-nghe.htm: 'NoneType' object has no attribute 'text'
2025-04-07 11:53:17,357 - ERROR - Lỗi không xác định khi xử lý bài viết https://vneconomy.vn/canada-muon-hop-tac-voi-viet-nam-ve-nong-nghiep-va-nang-luong-tai-tao.htm: 'NoneType' object has no attribute 'text'
2025-04-07 11:56:33,248 - ERROR - Lỗi không xác định khi xử lý bài viết https://vneconomy.vn/nam-trung-bo-diem-sang-thu-hut-dau-tu-ve-cong-nghe-ben-vung.htm: 'NoneType' object has no attribute 'text'
2025-04-07 11:59:23,372 - ERROR - Lỗi không xác định khi xử lý bài viết https://vneconomy.vn/thi-truong-chung-khoan-tuoi-25-san-sang-cho-hanh-trinh-moi.htm: 'NoneType' object has no attribute 'text'
2025-04-07 11:59:23,425 - ERROR - Lỗi không xác định khi xử lý bài viết https://vneconomy.vn/khong-gian-phat-trien-moi-cho-viet-nam.htm: 'NoneType' object has no attribute 'text'
2025-04-07 11:59:24,730 - ERROR - Lỗi không xác định khi xử lý bài viết https://vneconomy.vn/nam-moi-tro-chuyen-ve-thu-hut-dau-tu-vao-ban-dan.htm: 'NoneType' object has no attribute 'text'
2025-04-07 11:59:24,823 - ERROR - Lỗi không xác định khi xử lý bài viết https://vneconomy.vn/ban-dan-ai-dinh-hinh-vi-the-moi-cua-viet-nam.htm: 'NoneType' object has no attribute 'text'
2025-04-07 11:59:24,889 - ERROR - Lỗi không xác định khi xử lý bài viết https://vneconomy.vn/lac-quan-muc-tieu-tang-truong-kinh-te-2025.htm: 'NoneType' object has no attribute 'text'
2025-04-07 11:59:24,945 - ERROR - Lỗi không xác định khi xử lý bài viết https://vneconomy.vn/xay-dung-chien-luoc-cho-khu-vuc-cong.htm: 'NoneType' object has no attribute 'text'
2025-04-07 11:59:25,005 - ERROR - Lỗi không xác định khi xử lý bài viết https://vneconomy.vn/thua-thien-hue-san-sang-cho-hanh-trinh-moi-voi-su-menh-moi.htm: 'NoneType' object has no attribute 'text'
2025-04-07 11:59:25,122 - ERROR - Lỗi không xác định khi xử lý bài viết https://vneconomy.vn/kinh-te-nam-2024-tang-truong-kha-gdp-dat-7-09.htm: 'NoneType' object has no attribute 'text'
2025-04-07 11:59:25,172 - ERROR - Lỗi không xác định khi xử lý bài viết https://vneconomy.vn/kinh-te-viet-nam-2025-va-thi-truong-chung-khoan.htm: 'NoneType' object has no attribute 'text'
2025-04-07 12:04:30,180 - ERROR - Lỗi không xác định khi xử lý bài viết https://vneconomy.vn/10-dau-an-noi-bat-kinh-te-xa-hoi-nam-2024.htm: 'NoneType' object has no attribute 'text'
2025-04-07 12:05:29,608 - ERROR - Lỗi không xác định khi xử lý bài viết https://vneconomy.vn/viet-nam-doi-mat-voi-kho-khan-trong-cai-thien-chat-luong-giao-duc.htm: 'NoneType' object has no attribute 'text'
2025-04-07 12:11:21,616 - ERROR - Lỗi không xác định khi xử lý bài viết https://vneconomy.vn/mo-rong-hop-tac-voi-doanh-nghiep-hoa-ky.htm: 'NoneType' object has no attribute 'text'
2025-04-07 12:11:34,048 - ERROR - Lỗi không xác định khi xử lý bài viết https://vneconomy.vn/co-hoi-va-thach-thuc-trong-thoi-dai-bien-dong.htm: 'NoneType' object has no attribute 'text'
2025-04-07 12:14:35,086 - ERROR - Lỗi không xác định khi xử lý bài viết https://vneconomy.vn/tai-chinh.htm: 'NoneType' object has no attribute 'text'
2025-04-07 12:19:21,633 - ERROR - Lỗi không xác định khi xử lý bài viết https://vneconomy.vn/go-diem-nghen-cho-thue-tai-chinh-thuc-day-phat-trien-kinh-te-tu-nhan.htm: 'NoneType' object has no attribute 'text'
2025-04-07 12:27:57,280 - ERROR - Lỗi không xác định khi xử lý bài viết https://vneconomy.vn/4-yeu-to-tiep-lua-cho-con-sot-vang-nam-2024.htm: 'NoneType' object has no attribute 'text'
2025-04-07 12:33:24,157 - ERROR - Lỗi không xác định khi xử lý bài viết https://vneconomy.vn/prudential-25-nam-cung-cap-giai-phap-bao-ve-tai-chinh-va-suc-khoe-cho-hon-7-trieu-luot-khach-hang.htm: 'NoneType' object has no attribute 'text'
2025-04-07 12:39:48,521 - ERROR - Lỗi không xác định khi xử lý bài viết https://vneconomy.vn/quan-ly-thue-phai-thay-doi-de-bat-kip-chuyen-dich-mo-hinh-kinh-doanh-moi.htm: 'NoneType' object has no attribute 'text'
2025-04-07 12:41:49,219 - ERROR - Lỗi không xác định khi xử lý bài viết https://vneconomy.vn/phuong-an-toi-uu-khi-danh-thue-tieu-thu-dac-biet-voi-do-uong-co-con.htm: 'NoneType' object has no attribute 'text'
2025-04-07 12:47:45,969 - ERROR - Lỗi không xác định khi xử lý bài viết https://vneconomy.vn/xep-hang-tin-nhiem-va-kiem-toan-doc-lap-lang-kinh-soi-ro-tai-chinh-doanh-nghiep.htm: 'NoneType' object has no attribute 'text'
2025-04-07 12:48:50,766 - ERROR - Lỗi không xác định khi xử lý bài viết https://vneconomy.vn/kinh-te-so.htm: 'NoneType' object has no attribute 'text'
2025-04-07 12:51:07,365 - ERROR - Lỗi không xác định khi xử lý bài viết https://vneconomy.vn/quang-cao-ky-thuat-so-bung-no-trong-ky-nguyen-so.htm: 'NoneType' object has no attribute 'text'
2025-04-07 12:53:34,990 - ERROR - Lỗi không xác định khi xử lý bài viết https://vneconomy.vn/cong-nghe-vu-tru-cuoc-dua-khong-gian-moi.htm: 'NoneType' object has no attribute 'text'
2025-04-07 12:54:26,204 - ERROR - Lỗi không xác định khi xử lý bài viết https://vneconomy.vn/cuoc-cach-mang-dien-toan-khong-gian.htm: 'NoneType' object has no attribute 'text'
2025-04-07 12:54:33,816 - ERROR - Lỗi không xác định khi xử lý bài viết https://vneconomy.vn/thao-go-diem-nghen-tao-xung-luc-moi-cho-hoat-dong-khoa-hoc-cong-nghe.htm: 'NoneType' object has no attribute 'text'
2025-04-07 12:56:31,860 - ERROR - Lỗi không xác định khi xử lý bài viết https://vneconomy.vn/metaverse-cung-cap-khong-gian-ket-noi-vo-tan-cho-cac-cong-dong-ao.htm: 'NoneType' object has no attribute 'text'
2025-04-07 12:59:33,084 - ERROR - Lỗi không xác định khi xử lý bài viết https://vneconomy.vn/da-nang-luon-tien-phong-trong-chuyen-doi-so.htm: 'NoneType' object has no attribute 'text'
2025-04-07 12:59:33,148 - ERROR - Lỗi không xác định khi xử lý bài viết https://vneconomy.vn/cac-quy-dau-tu-bat-mi-bi-quyet-thanh-cong-cho-startup-ai-viet-nam.htm: 'NoneType' object has no attribute 'text'
2025-04-07 12:59:34,477 - ERROR - Lỗi không xác định khi xử lý bài viết https://vneconomy.vn/tu-askonomy-den-asko-platform-hanh-trinh-xay-dung-he-sinh-thai-ai-phuc-vu-doanh-nghiep-viet.htm: 'NoneType' object has no attribute 'text'
2025-04-07 12:59:34,546 - ERROR - Lỗi không xác định khi xử lý bài viết https://vneconomy.vn/askonomy-cach-mang-hoa-tuong-tac-thong-tin-voi-mo-hinh-ngon-ngu-nho.htm: 'NoneType' object has no attribute 'text'
2025-04-07 12:59:34,607 - ERROR - Lỗi không xác định khi xử lý bài viết https://vneconomy.vn/can-cuoc-cach-mang-so.htm: 'NoneType' object has no attribute 'text'
2025-04-07 12:59:34,680 - ERROR - Lỗi không xác định khi xử lý bài viết https://vneconomy.vn/seu-dau-dan-viettel-trong-ky-nguyen-vuon-minh-cua-dan-toc.htm: 'NoneType' object has no attribute 'text'
2025-04-07 12:59:42,835 - ERROR - Lỗi không xác định khi xử lý bài viết https://vneconomy.vn/tuong-lai-bao-chi-kinh-te-tri-tue-nhan-tao-ai-se-dinh-hinh-lai-cach-doc-gia-tiep-can-thong-tin.htm: 'NoneType' object has no attribute 'text'
2025-04-07 13:02:12,347 - ERROR - Lỗi không xác định khi xử lý bài viết https://vneconomy.vn/su-bung-no-va-len-ngoi-cua-thuong-mai-xa-hoi.htm: 'NoneType' object has no attribute 'text'
2025-04-07 13:09:48,964 - ERROR - Lỗi không xác định khi xử lý bài viết https://vneconomy.vn/ict-khang-dinh-tam-quan-trong-chien-luoc-voi-nen-kinh-te.htm: 'NoneType' object has no attribute 'text'
2025-04-07 13:10:44,171 - ERROR - Lỗi không xác định khi xử lý bài viết https://vneconomy.vn/con-so-muc-tieu-ky-su-ban-dan-cua-viet-nam-du-hap-dan-cac-tap-doan-chip-toan-cau.htm: 'NoneType' object has no attribute 'text'
2025-04-07 13:12:48,185 - ERROR - Lỗi không xác định khi xử lý bài viết https://vneconomy.vn/cong-nghiep-ban-dan-viet-nam-muc-tieu-25-ty-usd-day-tham-vong-nhung-khong-mo-ho.htm: 'NoneType' object has no attribute 'text'
2025-04-07 13:13:03,181 - ERROR - Lỗi không xác định khi xử lý bài viết https://vneconomy.vn/dua-viet-nam-tro-thanh-diem-sang-tren-ban-do-ban-dan-toan-cau.htm: 'NoneType' object has no attribute 'text'
2025-04-07 13:13:05,411 - ERROR - Lỗi không xác định khi xử lý bài viết https://vneconomy.vn/don-co-hoi-dua-cong-nghiep-ban-dan-viet-nam-cat-canh.htm: 'NoneType' object has no attribute 'text'
2025-04-07 13:14:02,689 - ERROR - Lỗi không xác định khi xử lý bài viết https://vneconomy.vn/thach-thuc-moi-trong-an-ninh-mang-ai-tu-dong-hoa-tan-cong-mang.htm: 'NoneType' object has no attribute 'text'
2025-04-07 13:16:46,016 - ERROR - Lỗi không xác định khi xử lý bài viết https://vneconomy.vn/thuc-day-hanh-trinh-chuyen-doi-kep.htm: 'NoneType' object has no attribute 'text'
2025-04-07 13:16:46,084 - ERROR - Lỗi không xác định khi xử lý bài viết https://vneconomy.vn/kien-truc-chuyen-doi-so-can-hinh-thanh-nen-tang-thong-tin-dung-du-song-sach.htm: 'NoneType' object has no attribute 'text'
2025-04-07 13:17:30,547 - ERROR - Lỗi không xác định khi xử lý bài viết https://vneconomy.vn/3-yeu-to-thuan-loi-giup-doanh-nghiep-viet-nam-chuyen-doi-so-chuyen-doi-xanh.htm: 'NoneType' object has no attribute 'text'
2025-04-07 13:17:39,692 - ERROR - Lỗi không xác định khi xử lý bài viết https://vneconomy.vn/martech-trong-tam-cua-chien-luoc-tiep-thi.htm: 'NoneType' object has no attribute 'text'
2025-04-07 13:17:41,902 - ERROR - Lỗi không xác định khi xử lý bài viết https://vneconomy.vn/chu-dong-va-co-lo-trinh-ro-rang-trong-chuyen-doi-xanh.htm: 'NoneType' object has no attribute 'text'
2025-04-07 13:20:05,724 - ERROR - Lỗi không xác định khi xử lý bài viết https://vneconomy.vn/kinh-te-xanh.htm: 'NoneType' object has no attribute 'text'
2025-04-07 13:20:32,681 - ERROR - Lỗi không xác định khi xử lý bài viết https://vneconomy.vn/sang-loc-de-hut-du-an-dau-tu-nuoc-ngoai-chat-luong.htm: 'NoneType' object has no attribute 'text'
2025-04-07 13:23:43,938 - ERROR - Lỗi không xác định khi xử lý bài viết https://vneconomy.vn/viet-nam-diem-den-hap-dan-cho-dau-tu-vao-linh-vuc-xanh.htm: 'NoneType' object has no attribute 'text'
2025-04-07 13:24:33,013 - ERROR - Lỗi không xác định khi xử lý bài viết https://vneconomy.vn/mo-co-hoi-moi-tu-kiem-ke-khi-nha-kinh-va-thi-truong-carbon.htm: 'NoneType' object has no attribute 'text'
2025-04-07 13:24:33,077 - ERROR - Lỗi không xác định khi xử lý bài viết https://vneconomy.vn/tieu-chuan-xanh-cuoc-choi-moi-voi-doanh-nghiep-viet.htm: 'NoneType' object has no attribute 'text'
2025-04-07 13:25:26,953 - ERROR - Lỗi không xác định khi xử lý bài viết https://vneconomy.vn/su-troi-day-cua-nang-luong-gio.htm: 'NoneType' object has no attribute 'text'
2025-04-07 13:26:36,925 - ERROR - Lỗi không xác định khi xử lý bài viết https://vneconomy.vn/tap-doan-scg-phat-trien-kinh-te-tuan-hoan-vi-mot-viet-nam-xanh.htm: 'NoneType' object has no attribute 'text'
2025-04-07 13:26:36,987 - ERROR - Lỗi không xác định khi xử lý bài viết https://vneconomy.vn/day-manh-muc-tieu-phat-trien-tai-chinh-xanh-va-phat-trien-ben-vung.htm: 'NoneType' object has no attribute 'text'
2025-04-07 13:26:42,799 - ERROR - Lỗi không xác định khi xử lý bài viết https://vneconomy.vn/hien-ke-thuc-day-hanh-dong-phat-trien-kinh-te-tuan-hoan.htm: 'NoneType' object has no attribute 'text'
2025-04-07 13:27:20,053 - ERROR - Lỗi không xác định khi xử lý bài viết https://vneconomy.vn/chuyen-doi-tuan-hoan-xanh-nen-kinh-te-carbon-thap-tren-co-so-ung-dung-chuyen-doi-so.htm: 'NoneType' object has no attribute 'text'
2025-04-07 13:29:03,355 - ERROR - Lỗi không xác định khi xử lý bài viết https://vneconomy.vn/den-bu-carbon-co-hoi-va-nhung-luu-y-cho-doanh-nghiep-viet.htm: 'NoneType' object has no attribute 'text'
2025-04-07 13:33:09,148 - ERROR - Lỗi không xác định khi xử lý bài viết https://vneconomy.vn/tao-co-che-cho-khu-vuc-tu-nhan-tham-gia-vao-tang-truong-xanh.htm: 'NoneType' object has no attribute 'text'
2025-04-07 13:34:06,050 - ERROR - Lỗi không xác định khi xử lý bài viết https://vneconomy.vn/trien-vong-lon-cho-phat-trien-thi-truong-tin-chi-carbon.htm: 'NoneType' object has no attribute 'text'
2025-04-07 13:35:41,617 - ERROR - Lỗi không xác định khi xử lý bài viết https://vneconomy.vn/asean-dang-noi-len-nhu-mot-nhan-to-chu-chot-trong-nen-kinh-te-so-kinh-te-xanh.htm: 'NoneType' object has no attribute 'text'
2025-04-07 13:36:44,973 - ERROR - Lỗi không xác định khi xử lý bài viết https://vneconomy.vn/khoi-thong-nguon-luc-tai-chinh-phat-trien-kinh-te-xa-hoi-dat-nuoc.htm: 'NoneType' object has no attribute 'text'
2025-04-07 13:41:32,772 - ERROR - Lỗi không xác định khi xử lý bài viết https://vneconomy.vn/dua-nganh-hydrogen-len-quy-mo-45-ty-usd-vao-nam-2050.htm: 'NoneType' object has no attribute 'text'
2025-04-07 13:41:37,954 - ERROR - Lỗi không xác định khi xử lý bài viết https://vneconomy.vn/chuyen-doi-nang-luong-huong-toi-net-zero.htm: 'NoneType' object has no attribute 'text'
2025-04-07 13:41:40,273 - ERROR - Lỗi không xác định khi xử lý bài viết https://vneconomy.vn/chuyen-doi-nang-luong-gan-voi-phat-trien-dien-hat-nhan.htm: 'NoneType' object has no attribute 'text'
2025-04-07 13:41:43,326 - ERROR - Lỗi không xác định khi xử lý bài viết https://vneconomy.vn/nam-nhiem-vu-trong-tam-day-nhanh-chuyen-dich-nang-luong.htm: 'NoneType' object has no attribute 'text'
2025-04-07 13:42:14,520 - ERROR - Lỗi không xác định khi xử lý bài viết https://vneconomy.vn/tao-suc-keo-cho-tang-truong-kinh-te-cuoi-nam.htm: 'NoneType' object has no attribute 'text'
2025-04-07 13:43:28,044 - ERROR - Lỗi không xác định khi xử lý bài viết https://vneconomy.vn/bao-bi-ben-vung-lua-chon-vi-the-gioi-xanh.htm: 'NoneType' object has no attribute 'text'
2025-04-07 13:45:38,248 - ERROR - Lỗi không xác định khi xử lý bài viết https://vneconomy.vn/thi-truong.htm: 'NoneType' object has no attribute 'text'
2025-04-07 13:46:40,336 - ERROR - Lỗi không xác định khi xử lý bài viết https://vneconomy.vn/nganh-thep-viet-nam-van-co-loi-the-tang-truong-trong-ngan-han.htm: 'NoneType' object has no attribute 'text'
2025-04-07 13:47:39,615 - ERROR - Lỗi không xác định khi xử lý bài viết https://vneconomy.vn/xuat-khau-hang-hoa-sang-nhat-ban-con-nhieu-du-dia-de-tang-toc.htm: 'NoneType' object has no attribute 'text'
2025-04-07 13:49:00,954 - ERROR - Lỗi không xác định khi xử lý bài viết https://vneconomy.vn/xuat-khau-vuot-thach-thuc-tao-da-tang-truong-cao.htm: 'NoneType' object has no attribute 'text'
2025-04-07 13:52:48,176 - ERROR - Lỗi không xác định khi xử lý bài viết https://vneconomy.vn/dau-nam-ke-chuyen-nghe-lam-trong-tai-thuong-mai.htm: 'NoneType' object has no attribute 'text'
2025-04-07 13:56:48,236 - ERROR - Lỗi không xác định khi xử lý bài viết https://vneconomy.vn/cong-nghiep-noi-that-toan-cau-ngay-cang-phat-trien-toan-dien.htm: 'NoneType' object has no attribute 'text'
2025-04-07 13:56:49,511 - ERROR - Lỗi không xác định khi xử lý bài viết https://vneconomy.vn/quan-ao-thong-minh-lan-song-tiep-theo-cua-cong-nghe-thiet-bi-deo.htm: 'NoneType' object has no attribute 'text'
2025-04-07 13:56:55,723 - ERROR - Lỗi không xác định khi xử lý bài viết https://vneconomy.vn/vuc-day-nghe-muoi-de-diem-dan-khong-bi-bo-lai-phia-sau.htm: 'NoneType' object has no attribute 'text'
2025-04-07 13:56:59,088 - ERROR - Lỗi không xác định khi xử lý bài viết https://vneconomy.vn/phat-trien-thi-truong-ban-le-ben-vung.htm: 'NoneType' object has no attribute 'text'
2025-04-07 14:02:24,205 - ERROR - Lỗi không xác định khi xử lý bài viết https://vneconomy.vn/the-gioi-nganh-hang-tieu-dung-nhanh.htm: 'NoneType' object has no attribute 'text'
2025-04-07 14:08:13,316 - ERROR - Lỗi không xác định khi xử lý bài viết https://vneconomy.vn/giam-ap-luc-cho-xuat-khau.htm: 'NoneType' object has no attribute 'text'
2025-04-07 14:08:35,473 - ERROR - Lỗi không xác định khi xử lý bài viết https://vneconomy.vn/chung-tay-dung-lai-lang-nu-va-kho-vang.htm: 'NoneType' object has no attribute 'text'
2025-04-07 14:09:44,485 - ERROR - Lỗi không xác định khi xử lý bài viết https://vneconomy.vn/don-luc-khoi-phuc-san-xuat-kinh-doanh-sau-bao-yagi.htm: 'NoneType' object has no attribute 'text'
2025-04-07 14:11:55,512 - ERROR - Lỗi không xác định khi xử lý bài viết https://vneconomy.vn/cong-ty-doanh-nghiep.htm: 'NoneType' object has no attribute 'text'
2025-04-07 14:12:02,688 - ERROR - Lỗi không xác định khi xử lý bài viết https://vneconomy.vn/nhip-cau-doanh-nghiep.htm: 'NoneType' object has no attribute 'text'
2025-04-07 14:13:22,608 - ERROR - Lỗi không xác định khi xử lý bài viết https://vneconomy.vn/xuat-khau-san-pham-go-sang-hoa-ky-nhieu-trien-vong-tang-truong.htm: 'NoneType' object has no attribute 'text'
2025-04-07 14:13:28,611 - ERROR - Lỗi không xác định khi xử lý bài viết https://vneconomy.vn/hoa-ky-van-la-thi-truong-trong-tam-cua-nganh-det-may-viet-nam.htm: 'NoneType' object has no attribute 'text'
2025-04-07 14:13:37,806 - ERROR - Lỗi không xác định khi xử lý bài viết https://vneconomy.vn/khai-mac-trien-lam-da-nang-phat-trien-va-hoi-nhap.htm: 'NoneType' object has no attribute 'text'
2025-04-07 14:20:39,670 - ERROR - Lỗi không xác định khi xử lý bài viết https://vneconomy.vn/dau-an-cua-thu-tuong-tai-nhung-diem-nong.htm: 'NoneType' object has no attribute 'text'
2025-04-07 14:20:39,716 - ERROR - Lỗi không xác định khi xử lý bài viết https://vneconomy.vn/lam-du-lich-tu-cau-chuyen-cua-dong-song.htm: 'NoneType' object has no attribute 'text'
2025-04-07 14:20:39,761 - ERROR - Lỗi không xác định khi xử lý bài viết https://vneconomy.vn/triet-ly-hanh-phuc-tu-nguon-sang-tich-cuc.htm: 'NoneType' object has no attribute 'text'
2025-04-07 14:20:46,882 - ERROR - Lỗi không xác định khi xử lý bài viết https://vneconomy.vn/am-thuc-fine-dining-nghe-thuat-ke-chuyen-bang-huong-vi.htm: 'NoneType' object has no attribute 'text'
2025-04-07 14:20:59,881 - ERROR - Lỗi không xác định khi xử lý bài viết https://vneconomy.vn/kinh-doanh-fb-tuong-de-ma-kho.htm: 'NoneType' object has no attribute 'text'
2025-04-07 14:21:02,899 - ERROR - Lỗi không xác định khi xử lý bài viết https://vneconomy.vn/kich-hoat-tiem-nang-logistics-viet-nam.htm: 'NoneType' object has no attribute 'text'
2025-04-07 14:21:37,048 - ERROR - Lỗi không xác định khi xử lý bài viết https://vneconomy.vn/ts-robert-yap-chu-tich-dieu-hanh-tap-doan-ych-tang-truong-vung-vang-vuot-qua-moi-thach-thuc.htm: 'NoneType' object has no attribute 'text'
2025-04-07 14:24:18,201 - ERROR - Lỗi không xác định khi xử lý bài viết https://vneconomy.vn/lg-va-no-luc-nang-cao-trai-nghiem-nguoi-dung.htm: 'NoneType' object has no attribute 'text'
2025-04-07 14:29:05,062 - ERROR - Lỗi không xác định khi xử lý bài viết https://vneconomy.vn/ong-vu-tuan-anh-pho-tong-giam-doc-chien-luoc-kinh-doanh-sun-life-viet-nam-chien-luoc-gan-lien-voi-thuc-thi.htm: 'NoneType' object has no attribute 'text'
2025-04-07 14:30:31,130 - ERROR - Lỗi không xác định khi xử lý bài viết https://vneconomy.vn/dia-oc.htm: 'NoneType' object has no attribute 'text'
2025-04-07 14:33:46,836 - ERROR - Lỗi không xác định khi xử lý bài viết https://vneconomy.vn/haus-da-lat-tam-ve-ket-noi-private-club-hoang-gia-va-ty-phu-tren-the-gioi.htm: 'NoneType' object has no attribute 'text'
2025-04-07 14:34:06,196 - ERROR - Lỗi không xác định khi xử lý bài viết https://vneconomy.vn/ecopark-va-hanh-trinh-kien-tao-rung-retreat-dau-tien-tai-viet-nam.htm: 'NoneType' object has no attribute 'text'
2025-04-07 14:35:04,708 - ERROR - Lỗi không xác định khi xử lý bài viết https://vneconomy.vn/proptech-xoa-mo-ranh-gioi-giuabat-dong-san-va-cong-nghe.htm: 'NoneType' object has no attribute 'text'
2025-04-07 14:36:57,232 - ERROR - Lỗi không xác định khi xử lý bài viết https://vneconomy.vn/ecopark-ra-mat-eco-retreat-khu-rung-retreat-dau-tien-tai-viet-nam.htm: 'NoneType' object has no attribute 'text'
2025-04-07 14:37:42,441 - ERROR - Lỗi không xác định khi xử lý bài viết https://vneconomy.vn/dua-thi-truong-bat-dong-san-phat-trien-dung-quy-dao.htm: 'NoneType' object has no attribute 'text'
2025-04-07 14:39:23,791 - ERROR - Lỗi không xác định khi xử lý bài viết https://vneconomy.vn/giai-bai-toan-hai-hoa-loi-ich-giua-cac-ben-khi-gia-dat-tang-cao.htm: 'NoneType' object has no attribute 'text'
2025-04-07 14:41:30,503 - ERROR - Lỗi không xác định khi xử lý bài viết https://vneconomy.vn/haus-da-lat-bieu-tuong-chieu-sang-isometrix-cung-kengo-kuma-lan-dau-tien-ra-mat-tai-viet-nam.htm: 'NoneType' object has no attribute 'text'
2025-04-07 14:42:45,829 - ERROR - Lỗi không xác định khi xử lý bài viết https://vneconomy.vn/nghe-thuat-xoa-mo-ranh-gioi-giua-kien-truc-va-canh-quan-cua-kengo-kuma-tai-haus-da-lat.htm: 'NoneType' object has no attribute 'text'
2025-04-07 14:42:47,430 - ERROR - Lỗi không xác định khi xử lý bài viết https://vneconomy.vn/the-continental-diem-den-cua-cong-dong-cu-dan-toan-cau.htm: 'NoneType' object has no attribute 'text'
2025-04-07 14:45:32,992 - ERROR - Lỗi không xác định khi xử lý bài viết https://vneconomy.vn/tam-diem-thuong-mai-dich-vu-giai-tritran-ngap-niem-vui-tai-ocean-park-1.htm: 'NoneType' object has no attribute 'text'
2025-04-07 14:46:30,628 - ERROR - Lỗi không xác định khi xử lý bài viết https://vneconomy.vn/9-ly-do-hap-dan-cua-bat-dong-san-khu-dong-tp-hcm.htm: 'NoneType' object has no attribute 'text'
2025-04-07 14:49:53,235 - ERROR - Lỗi không xác định khi xử lý bài viết https://vneconomy.vn/tim-giai-phap-thuc-day-thi-truong-bat-dong-san-phat-trien-lanh-manh.htm: 'NoneType' object has no attribute 'text'
2025-04-07 14:50:19,564 - ERROR - Lỗi không xác định khi xử lý bài viết https://vneconomy.vn/nobu-danang-kiet-tac-omakase-mo-loi-thi-truong-bat-dong-san-nghi-duong-hang-sang-da-nang.htm: 'NoneType' object has no attribute 'text'
2025-04-07 14:57:02,142 - ERROR - Lỗi không xác định khi xử lý bài viết https://vneconomy.vn/gia-bat-dong-san-nha-o-dang-cao-bat-hop-ly.htm: 'NoneType' object has no attribute 'text'
2025-04-07 15:02:36,286 - ERROR - Lỗi không xác định khi xử lý bài viết https://vneconomy.vn/kinh-te-the-gioi.htm: 'NoneType' object has no attribute 'text'
2025-04-07 15:18:16,861 - ERROR - Lỗi không xác định khi xử lý bài viết https://vneconomy.vn/10-van-de-noi-bat-cua-kinh-te-the-gioi-nam-2024.htm: 'NoneType' object has no attribute 'text'
2025-04-07 15:27:40,256 - ERROR - Lỗi không xác định khi xử lý bài viết https://vneconomy.vn/dan-sinh.htm: 'NoneType' object has no attribute 'text'
2025-04-07 15:29:04,332 - ERROR - Lỗi không xác định khi xử lý bài viết https://vneconomy.vn/quang-nam-ky-niem-50-nam-ngay-giai-phong-que-huong.htm: 'NoneType' object has no attribute 'text'
2025-04-07 15:33:06,810 - ERROR - Lỗi không xác định khi xử lý bài viết https://vneconomy.vn/mang-luoi-y-te-co-so-lien-ket-chat-che-voi-y-te-chuyen-sau.htm: 'NoneType' object has no attribute 'text'
2025-04-07 15:36:06,099 - ERROR - Lỗi không xác định khi xử lý bài viết https://vneconomy.vn/bay-dinh-huong-chien-luoc-dua-dat-nuoc-buoc-vao-ky-nguyen-moi-ky-nguyen-vuon-minh-cua-dan-toc.htm: 'NoneType' object has no attribute 'text'
2025-04-07 15:41:09,952 - ERROR - Lỗi không xác định khi xử lý bài viết https://vneconomy.vn/dinh-hinh-tinh-cach-quan-tri-du-an-yeu-to-quan-trong-giup-du-an-thanh-cong.htm: 'NoneType' object has no attribute 'text'
2025-04-07 15:48:01,788 - INFO - Đã hoàn thành thu thập dữ liệu từ Vneconomy: 0 bài viết
2025-04-07 15:48:01,788 - INFO - Đã hoàn thành toàn bộ quá trình trong 384.82 phút
2025-04-07 15:48:01,788 - INFO - Tổng số bài viết đã thu thập: 0
